Time resolution is 1 ps
Note: Starting 16-bit CLA adder simulation...
Time: 0 ps  Iteration: 0  Process: /tb_cla_adder_16bit/stimulus  File: C:/Users/Alexandru/Desktop/Pclp4/16 Bit adder/16 Bit adder.srcs/sim_1/new/tb_cla_adder_16bit.vhd
Note: Test 1 passed: 1 + 2 = 3
Time: 20 ns  Iteration: 0  Process: /tb_cla_adder_16bit/stimulus  File: C:/Users/Alexandru/Desktop/Pclp4/16 Bit adder/16 Bit adder.srcs/sim_1/new/tb_cla_adder_16bit.vhd
Note: Test 2 passed: 1 + 1 + 1 = 3
Time: 40 ns  Iteration: 0  Process: /tb_cla_adder_16bit/stimulus  File: C:/Users/Alexandru/Desktop/Pclp4/16 Bit adder/16 Bit adder.srcs/sim_1/new/tb_cla_adder_16bit.vhd
Note: Test 3 passed: 0 + 0 = 0
Time: 60 ns  Iteration: 0  Process: /tb_cla_adder_16bit/stimulus  File: C:/Users/Alexandru/Desktop/Pclp4/16 Bit adder/16 Bit adder.srcs/sim_1/new/tb_cla_adder_16bit.vhd
Note: Test 4 passed: FFFF + 1 (Overflow)
Time: 80 ns  Iteration: 0  Process: /tb_cla_adder_16bit/stimulus  File: C:/Users/Alexandru/Desktop/Pclp4/16 Bit adder/16 Bit adder.srcs/sim_1/new/tb_cla_adder_16bit.vhd
Note: Test 5 passed: FFFF + 0 + 1 (Overflow)
Time: 100 ns  Iteration: 0  Process: /tb_cla_adder_16bit/stimulus  File: C:/Users/Alexandru/Desktop/Pclp4/16 Bit adder/16 Bit adder.srcs/sim_1/new/tb_cla_adder_16bit.vhd
Note: Test 6 passed: 1234 + 5678
Time: 120 ns  Iteration: 0  Process: /tb_cla_adder_16bit/stimulus  File: C:/Users/Alexandru/Desktop/Pclp4/16 Bit adder/16 Bit adder.srcs/sim_1/new/tb_cla_adder_16bit.vhd
Note: Test 7 passed: FFFF + FFFF
Time: 140 ns  Iteration: 0  Process: /tb_cla_adder_16bit/stimulus  File: C:/Users/Alexandru/Desktop/Pclp4/16 Bit adder/16 Bit adder.srcs/sim_1/new/tb_cla_adder_16bit.vhd
Note: Test 8 passed: AAAA + 5555
Time: 160 ns  Iteration: 0  Process: /tb_cla_adder_16bit/stimulus  File: C:/Users/Alexandru/Desktop/Pclp4/16 Bit adder/16 Bit adder.srcs/sim_1/new/tb_cla_adder_16bit.vhd
Note: Test 9 passed: 7FFF + 1
Time: 180 ns  Iteration: 0  Process: /tb_cla_adder_16bit/stimulus  File: C:/Users/Alexandru/Desktop/Pclp4/16 Bit adder/16 Bit adder.srcs/sim_1/new/tb_cla_adder_16bit.vhd
Note: Test 10 passed: 0 + 1 + 1
Time: 200 ns  Iteration: 0  Process: /tb_cla_adder_16bit/stimulus  File: C:/Users/Alexandru/Desktop/Pclp4/16 Bit adder/16 Bit adder.srcs/sim_1/new/tb_cla_adder_16bit.vhd
Note: All 16-bit CLA adder tests completed!
Time: 200 ns  Iteration: 0  Process: /tb_cla_adder_16bit/stimulus  File: C:/Users/Alexandru/Desktop/Pclp4/16 Bit adder/16 Bit adder.srcs/sim_1/new/tb_cla_adder_16bit.vhd
